<?xml version="1.0" encoding="UTF-8"?>
<testsuite name="gradle.project.AppTest" tests="1" skipped="0" failures="0" errors="0" timestamp="2024-08-30T14:44:56" hostname="SNPS-T4RYNGYKUS" time="0.029">
  <properties/>
  <testcase name="appHasAGreeting()" classname="gradle.project.AppTest" time="0.029"/>
  <system-out><![CDATA[]]></system-out>
  <system-err><![CDATA[]]></system-err>
</testsuite>
